<?xml version="1.0" encoding="UTF-8"?>
<testsuite xmlns:xsi="http://www.w3.org/2001/XMLSchema-instance" xsi:noNamespaceSchemaLocation="https://maven.apache.org/surefire/maven-surefire-plugin/xsd/surefire-test-report-3.0.xsd" version="3.0" name="org.jboss.as.quickstarts.kitchensink.test.RemoteMemberRegistrationIT" time="0.182" tests="1" errors="0" skipped="0" failures="0">
  <properties>
[...]
</properties>
  <testcase name="testRegister" classname="org.jboss.as.quickstarts.kitchensink.test.RemoteMemberRegistrationIT" time="0.172">
    <system-out><![CDATA[http://localhost:8080/members/registerjson
]]></system-out>
  </testcase>
</testsuite>